#
# A fatal error has been detected by the Java Runtime Environment:
#
#  SIGILL (0x4) at pc=0x00007fff2d455acc, pid=20635, tid=0x0000000000012d07
#
# JRE version: OpenJDK Runtime Environment (8.0_242-b08) (build 1.8.0_242-b08)
# Java VM: OpenJDK 64-Bit Server VM (25.242-b08 mixed mode bsd-amd64 compressed oops)
# Problematic frame:
# C  [AppKit+0x3e4acc]  -[NSOpenGLContext setView:]+0xe5
#
# Failed to write core dump. Core dumps have been disabled. To enable core dumping, try "ulimit -c unlimited" before starting Java again
#
# If you would like to submit a bug report, please visit:
#   http://bugreport.java.com/bugreport/crash.jsp
# The crash happened outside the Java Virtual Machine in native code.
# See problematic frame for where to report the bug.
#

---------------  T H R E A D  ---------------

Current thread (0x00007fb1db954800):  JavaThread "Java2D Queue Flusher" daemon [_thread_in_native, id=77063, stack(0x0000700009aa7000,0x0000700009ba7000)]

siginfo: si_signo: 4 (SIGILL), si_code: 1 (ILL_ILLOPC), si_addr: 0x00007fff2d455acc

Registers:
RAX=0x0000000000000000, RBX=0x00007fb1da6bdb10, RCX=0x0000000000000000, RDX=0x0000000000000000
RSP=0x0000700009ba6700, RBP=0x0000700009ba6750, RSI=0x000000001f08000c, RDI=0x0000000000000000
R8 =0x0000000000000000, R9 =0x0000000000000000, R10=0x0000000000000000, R11=0x0000000000000000
R12=0x00007fb1da6bdb10, R13=0x00007fb1da4b0060, R14=0x00007fb1da4be760, R15=0x00007fb1da4bec20
RIP=0x00007fff2d455acc, EFLAGS=0x0000000000010206, ERR=0x0000000000000000
  TRAPNO=0x0000000000000006

Top of Stack: (sp=0x0000700009ba6700)
0x0000700009ba6700:   000000003f800000 0000000000000000
0x0000700009ba6710:   0000000000000000 0000000000000000
0x0000700009ba6720:   000000003f000000 0000000000000000
0x0000700009ba6730:   ffffffff0000ffff 00007fb1da6bdb10
0x0000700009ba6740:   00007fb1db9549e0 00007fb1db360038
0x0000700009ba6750:   0000700009ba6780 0000000122b5e6b1
0x0000700009ba6760:   0000700009ba67c0 00007fb1de296660
0x0000700009ba6770:   00007fb1de748dc0 00007fb1da6bf270
0x0000700009ba6780:   0000700009ba67d0 0000000122b5ee23
0x0000700009ba6790:   00007fb1de296660 00007fb1db9549e0
0x0000700009ba67a0:   00007fb1da76d400 00007fb1de296660
0x0000700009ba67b0:   0000000000000000 0000700009ba69a8
0x0000700009ba67c0:   00007fb1de296660 00007fb1db9549e0
0x0000700009ba67d0:   0000700009ba6810 0000000122b7d6ee
0x0000700009ba67e0:   0000000000000000 00007fb1de296660
0x0000700009ba67f0:   0000000000000000 0000700009ba69a8
0x0000700009ba6800:   00007fb1da9d0618 00007fb1de296660
0x0000700009ba6810:   0000700009ba6890 0000000122b805a3
0x0000700009ba6820:   00007fb1da762000 0000000200000001
0x0000700009ba6830:   0000000011a30a40 0000000000000200
0x0000700009ba6840:   0000000000000000 0000000000000000
0x0000700009ba6850:   0000700009ba6890 00007fb1da9d0700
0x0000700009ba6860:   00007fb1005768a0 00007fb1db9549e0
0x0000700009ba6870:   000000016a7c42d8 0000000000000000
0x0000700009ba6880:   0000700009ba6a28 00007fb1db954800
0x0000700009ba6890:   0000700009ba68e0 00000001125808aa
0x0000700009ba68a0:   00000007a06289e0 000000010e83fa48
0x0000700009ba68b0:   0000000000000064 0000000000000000
0x0000700009ba68c0:   0000000000000064 00007fb1da7616f8
0x0000700009ba68d0:   0000700009ba6930 000000010e65a406
0x0000700009ba68e0:   0000700009ba6a00 00000001125d8a3c
0x0000700009ba68f0:   0000000000000001 00007fb1da76d2f0 

Instructions: (pc=0x00007fff2d455acc)
0x00007fff2d455aac:   00 31 f6 e8 30 fa c1 ff e9 51 ff ff ff e8 de f9
0x00007fff2d455abc:   77 00 0f 0b 48 8d 3d 4b 57 7f 00 e8 48 f4 77 00
0x00007fff2d455acc:   0f 0b 49 89 c6 eb 13 48 89 c7 e8 91 f9 77 00 b3
0x00007fff2d455adc:   01 eb 9a 49 89 c6 84 db 74 05 e8 a5 f9 77 00 4c 

Register to memory mapping:

RAX=0x0000000000000000 is an unknown value
RBX=0x00007fb1da6bdb10 is an unknown value
RCX=0x0000000000000000 is an unknown value
RDX=0x0000000000000000 is an unknown value
RSP=0x0000700009ba6700 is pointing into the stack for thread: 0x00007fb1db954800
RBP=0x0000700009ba6750 is pointing into the stack for thread: 0x00007fb1db954800
RSI=0x000000001f08000c is an unknown value
RDI=0x0000000000000000 is an unknown value
R8 =0x0000000000000000 is an unknown value
R9 =0x0000000000000000 is an unknown value
R10=0x0000000000000000 is an unknown value
R11=0x0000000000000000 is an unknown value
R12=0x00007fb1da6bdb10 is an unknown value
R13=0x00007fb1da4b0060 is an unknown value
R14=0x00007fb1da4be760 is an unknown value
R15=0x00007fb1da4bec20 is an unknown value


Stack: [0x0000700009aa7000,0x0000700009ba7000],  sp=0x0000700009ba6700,  free space=1021k
Native frames: (J=compiled Java code, j=interpreted, Vv=VM code, C=native code)
C  [AppKit+0x3e4acc]  -[NSOpenGLContext setView:]+0xe5
C  [libawt_lwawt.dylib+0x1b6b1]  CGLSD_MakeCurrentToScratch+0x63
C  [libawt_lwawt.dylib+0x1be23]  OGLSD_MakeOGLContextCurrent+0x7b
C  [libawt_lwawt.dylib+0x3a6ee]  OGLContext_SetSurfaces+0x88
C  [libawt_lwawt.dylib+0x3d5a3]  Java_sun_java2d_opengl_OGLRenderQueue_flushBuffer+0x5ff
J 4244  sun.java2d.opengl.OGLRenderQueue.flushBuffer(JI)V (0 bytes) @ 0x00000001125808aa [0x0000000112580800+0xaa]
J 4412 C1 sun.java2d.opengl.OGLRenderQueue.flushBuffer()V (41 bytes) @ 0x00000001125d8a3c [0x00000001125d87e0+0x25c]
J 4207 C1 sun.java2d.opengl.OGLRenderQueue.access$100(Lsun/java2d/opengl/OGLRenderQueue;)V (5 bytes) @ 0x00000001125603dc [0x0000000112560380+0x5c]
j  sun.java2d.opengl.OGLRenderQueue$QueueFlusher.run()V+81
v  ~StubRoutines::call_stub
V  [libjvm.dylib+0x2e3fa7]
V  [libjvm.dylib+0x2e474e]
V  [libjvm.dylib+0x2e48fa]
V  [libjvm.dylib+0x3232ac]
V  [libjvm.dylib+0x541d0d]
V  [libjvm.dylib+0x5433f6]
V  [libjvm.dylib+0x46529a]
C  [libsystem_pthread.dylib+0x5e65]  _pthread_start+0x94
C  [libsystem_pthread.dylib+0x183b]  thread_start+0xf
C  0x0000000000000000

Java frames: (J=compiled Java code, j=interpreted, Vv=VM code)
J 4244  sun.java2d.opengl.OGLRenderQueue.flushBuffer(JI)V (0 bytes) @ 0x0000000112580838 [0x0000000112580800+0x38]
J 4412 C1 sun.java2d.opengl.OGLRenderQueue.flushBuffer()V (41 bytes) @ 0x00000001125d8a3c [0x00000001125d87e0+0x25c]
J 4207 C1 sun.java2d.opengl.OGLRenderQueue.access$100(Lsun/java2d/opengl/OGLRenderQueue;)V (5 bytes) @ 0x00000001125603dc [0x0000000112560380+0x5c]
j  sun.java2d.opengl.OGLRenderQueue$QueueFlusher.run()V+81
v  ~StubRoutines::call_stub

---------------  P R O C E S S  ---------------

Java Threads: ( => current thread )
  0x00007fb1dc10b000 JavaThread "DestroyJavaVM" [_thread_blocked, id=21251, stack(0x00007000088c0000,0x00007000089c0000)]
  0x00007fb1db233800 JavaThread "TimerQueue" daemon [_thread_blocked, id=1567, stack(0x000070000a5c8000,0x000070000a6c8000)]
  0x00007fb1db5bb800 JavaThread "Batik CleanerThread" daemon [_thread_blocked, id=60163, stack(0x000070000a3c2000,0x000070000a4c2000)]
  0x00007fb1dbcbe000 JavaThread "AWT-EventQueue-0" [_thread_blocked, id=58383, stack(0x0000700009db0000,0x0000700009eb0000)]
  0x00007fb1daefe000 JavaThread "JmDNS(mbp-andry-hitronhub-home.local.).State.Timer" [_thread_blocked, id=24839, stack(0x000070000a1bc000,0x000070000a2bc000)]
  0x00007fb1daede800 JavaThread "JmDNS(mbp-andry-hitronhub-home.local.).Timer" daemon [_thread_blocked, id=81159, stack(0x000070000a0b9000,0x000070000a1b9000)]
  0x00007fb1db1b5800 JavaThread "SocketListener(mbp-andry-hitronhub-home.local.)" daemon [_thread_in_native, id=25867, stack(0x0000700009fb6000,0x000070000a0b6000)]
  0x00007fb1dbc84800 JavaThread "Multihomed mDNS.Timer" daemon [_thread_blocked, id=75123, stack(0x0000700009cad000,0x0000700009dad000)]
  0x00007fb1daee5000 JavaThread "cc.arduino.packages.discoverers.serial.SerialDiscovery" [_thread_blocked, id=58627, stack(0x0000700009eb3000,0x0000700009fb3000)]
  0x00007fb1dab9a800 JavaThread "AWT-Shutdown" [_thread_blocked, id=85443, stack(0x00007000098f6000,0x00007000099f6000)]
  0x00007fb1daa32000 JavaThread "Java2D Disposer" daemon [_thread_blocked, id=76299, stack(0x0000700009baa000,0x0000700009caa000)]
=>0x00007fb1db954800 JavaThread "Java2D Queue Flusher" daemon [_thread_in_native, id=77063, stack(0x0000700009aa7000,0x0000700009ba7000)]
  0x00007fb1da8d1000 JavaThread "AppKit Thread" daemon [_thread_blocked, id=775, stack(0x00007ffee35cf000,0x00007ffee3dcf000)]
  0x00007fb1dc041800 JavaThread "Service Thread" daemon [_thread_blocked, id=16387, stack(0x00007000094e4000,0x00007000095e4000)]
  0x00007fb1db063000 JavaThread "C1 CompilerThread2" daemon [_thread_blocked, id=16643, stack(0x00007000093e1000,0x00007000094e1000)]
  0x00007fb1db062000 JavaThread "C2 CompilerThread1" daemon [_thread_blocked, id=13315, stack(0x00007000092de000,0x00007000093de000)]
  0x00007fb1da827800 JavaThread "C2 CompilerThread0" daemon [_thread_blocked, id=17411, stack(0x00007000091db000,0x00007000092db000)]
  0x00007fb1da827000 JavaThread "Signal Dispatcher" daemon [_thread_blocked, id=17667, stack(0x00007000090d8000,0x00007000091d8000)]
  0x00007fb1dc027000 JavaThread "Finalizer" daemon [_thread_blocked, id=12547, stack(0x0000700008fd5000,0x00007000090d5000)]
  0x00007fb1da817000 JavaThread "Reference Handler" daemon [_thread_blocked, id=18691, stack(0x0000700008ed2000,0x0000700008fd2000)]

Other Threads:
  0x00007fb1db046000 VMThread [stack: 0x0000700008dcf000,0x0000700008ecf000] [id=18947]
  0x00007fb1db04b800 WatcherThread [stack: 0x00007000095e7000,0x00007000096e7000] [id=13827]

VM state:not at safepoint (normal execution)

VM Mutex/Monitor currently owned by a thread: None

heap address: 0x00000007a0000000, size: 512 MB, Compressed Oops mode: Zero based, Oop shift amount: 3
Narrow klass base: 0x0000000000000000, Narrow klass shift: 3
Compressed class space size: 1073741824 Address: 0x00000007c0000000

Heap:
 PSYoungGen      total 100864K, used 65521K [0x00000007b5580000, 0x00000007bee00000, 0x00000007c0000000)
  eden space 87552K, 59% used [0x00000007b5580000,0x00000007b88828c8,0x00000007bab00000)
  from space 13312K, 99% used [0x00000007bab00000,0x00000007bb7f9b68,0x00000007bb800000)
  to   space 24064K, 0% used [0x00000007bd680000,0x00000007bd680000,0x00000007bee00000)
 ParOldGen       total 98816K, used 36373K [0x00000007a0000000, 0x00000007a6080000, 0x00000007b5580000)
  object space 98816K, 36% used [0x00000007a0000000,0x00000007a23855d0,0x00000007a6080000)
 Metaspace       used 42841K, capacity 44078K, committed 44160K, reserved 1087488K
  class space    used 5484K, capacity 5744K, committed 5760K, reserved 1048576K

Card table byte_map: [0x000000010f226000,0x000000010f327000] byte_map_base: 0x000000010b526000

Marking Bits: (ParMarkBitMap*) 0x000000010ebcf5b0
 Begin Bits: [0x000000010f3d2000, 0x000000010fbd2000)
 End Bits:   [0x000000010fbd2000, 0x00000001103d2000)

Polling page: 0x000000010bf9b000

CodeCache: size=245760Kb used=17068Kb max_used=17084Kb free=228691Kb
 bounds [0x0000000111a1f000, 0x0000000112aef000, 0x0000000120a1f000]
 total_blobs=6412 nmethods=5594 adapters=730
 compilation: enabled

Compilation events (10 events):
Event: 212.243 Thread 0x00007fb1db063000 6710       3       java.util.AbstractList::equals (117 bytes)
Event: 212.244 Thread 0x00007fb1db063000 nmethod 6710 0x000000011297d690 code [0x000000011297d8c0, 0x000000011297e5c8]
Event: 221.155 Thread 0x00007fb1db063000 6711       1       sun.lwawt.LWComponentPeer::getPeerTreeLock (4 bytes)
Event: 221.156 Thread 0x00007fb1db063000 nmethod 6711 0x00000001123a1ed0 code [0x00000001123a2020, 0x00000001123a2110]
Event: 221.212 Thread 0x00007fb1db063000 6712       3       java.awt.geom.AffineTransform::getDeterminant (99 bytes)
Event: 221.212 Thread 0x00007fb1db063000 nmethod 6712 0x000000011297d050 code [0x000000011297d200, 0x000000011297d548]
Event: 221.214 Thread 0x00007fb1db063000 6713       1       java.awt.Rectangle::getWidth (6 bytes)
Event: 221.215 Thread 0x00007fb1db063000 nmethod 6713 0x000000011297cd90 code [0x000000011297cee0, 0x000000011297cff0]
Event: 221.215 Thread 0x00007fb1db063000 6714       1       java.awt.Rectangle::getHeight (6 bytes)
Event: 221.215 Thread 0x00007fb1db063000 nmethod 6714 0x000000011297cad0 code [0x000000011297cc20, 0x000000011297cd30]

GC Heap History (10 events):
Event: 6.325 GC heap before
{Heap before GC invocations=5 (full 1):
 PSYoungGen      total 38400K, used 33280K [0x00000007b5580000, 0x00000007ba080000, 0x00000007c0000000)
  eden space 33280K, 100% used [0x00000007b5580000,0x00000007b7600000,0x00000007b7600000)
  from space 5120K, 0% used [0x00000007b7600000,0x00000007b7600000,0x00000007b7b00000)
  to   space 5120K, 0% used [0x00000007b9b80000,0x00000007b9b80000,0x00000007ba080000)
 ParOldGen       total 87552K, used 13419K [0x00000007a0000000, 0x00000007a5580000, 0x00000007b5580000)
  object space 87552K, 15% used [0x00000007a0000000,0x00000007a0d1aec8,0x00000007a5580000)
 Metaspace       used 26181K, capacity 26614K, committed 26752K, reserved 1073152K
  class space    used 3235K, capacity 3373K, committed 3456K, reserved 1048576K
Event: 6.331 GC heap after
Heap after GC invocations=5 (full 1):
 PSYoungGen      total 58880K, used 3821K [0x00000007b5580000, 0x00000007b9f80000, 0x00000007c0000000)
  eden space 54784K, 0% used [0x00000007b5580000,0x00000007b5580000,0x00000007b8b00000)
  from space 4096K, 93% used [0x00000007b9b80000,0x00000007b9f3b778,0x00000007b9f80000)
  to   space 5120K, 0% used [0x00000007b9580000,0x00000007b9580000,0x00000007b9a80000)
 ParOldGen       total 87552K, used 13427K [0x00000007a0000000, 0x00000007a5580000, 0x00000007b5580000)
  object space 87552K, 15% used [0x00000007a0000000,0x00000007a0d1cec8,0x00000007a5580000)
 Metaspace       used 26181K, capacity 26614K, committed 26752K, reserved 1073152K
  class space    used 3235K, capacity 3373K, committed 3456K, reserved 1048576K
}
Event: 7.270 GC heap before
{Heap before GC invocations=6 (full 1):
 PSYoungGen      total 58880K, used 45236K [0x00000007b5580000, 0x00000007b9f80000, 0x00000007c0000000)
  eden space 54784K, 75% used [0x00000007b5580000,0x00000007b7df1b08,0x00000007b8b00000)
  from space 4096K, 93% used [0x00000007b9b80000,0x00000007b9f3b778,0x00000007b9f80000)
  to   space 5120K, 0% used [0x00000007b9580000,0x00000007b9580000,0x00000007b9a80000)
 ParOldGen       total 87552K, used 13427K [0x00000007a0000000, 0x00000007a5580000, 0x00000007b5580000)
  object space 87552K, 15% used [0x00000007a0000000,0x00000007a0d1cec8,0x00000007a5580000)
 Metaspace       used 34467K, capacity 35366K, committed 35496K, reserved 1079296K
  class space    used 4569K, capacity 4797K, committed 4864K, reserved 1048576K
Event: 7.284 GC heap after
Heap after GC invocations=6 (full 1):
 PSYoungGen      total 70656K, used 5100K [0x00000007b5580000, 0x00000007bc700000, 0x00000007c0000000)
  eden space 65536K, 0% used [0x00000007b5580000,0x00000007b5580000,0x00000007b9580000)
  from space 5120K, 99% used [0x00000007b9580000,0x00000007b9a7b080,0x00000007b9a80000)
  to   space 12800K, 0% used [0x00000007bba80000,0x00000007bba80000,0x00000007bc700000)
 ParOldGen       total 87552K, used 17581K [0x00000007a0000000, 0x00000007a5580000, 0x00000007b5580000)
  object space 87552K, 20% used [0x00000007a0000000,0x00000007a112b748,0x00000007a5580000)
 Metaspace       used 34467K, capacity 35366K, committed 35496K, reserved 1079296K
  class space    used 4569K, capacity 4797K, committed 4864K, reserved 1048576K
}
Event: 7.284 GC heap before
{Heap before GC invocations=7 (full 2):
 PSYoungGen      total 70656K, used 5100K [0x00000007b5580000, 0x00000007bc700000, 0x00000007c0000000)
  eden space 65536K, 0% used [0x00000007b5580000,0x00000007b5580000,0x00000007b9580000)
  from space 5120K, 99% used [0x00000007b9580000,0x00000007b9a7b080,0x00000007b9a80000)
  to   space 12800K, 0% used [0x00000007bba80000,0x00000007bba80000,0x00000007bc700000)
 ParOldGen       total 87552K, used 17581K [0x00000007a0000000, 0x00000007a5580000, 0x00000007b5580000)
  object space 87552K, 20% used [0x00000007a0000000,0x00000007a112b748,0x00000007a5580000)
 Metaspace       used 34467K, capacity 35366K, committed 35496K, reserved 1079296K
  class space    used 4569K, capacity 4797K, committed 4864K, reserved 1048576K
Event: 7.350 GC heap after
Heap after GC invocations=7 (full 2):
 PSYoungGen      total 70656K, used 0K [0x00000007b5580000, 0x00000007bc700000, 0x00000007c0000000)
  eden space 65536K, 0% used [0x00000007b5580000,0x00000007b5580000,0x00000007b9580000)
  from space 5120K, 0% used [0x00000007b9580000,0x00000007b9580000,0x00000007b9a80000)
  to   space 12800K, 0% used [0x00000007bba80000,0x00000007bba80000,0x00000007bc700000)
 ParOldGen       total 98816K, used 18894K [0x00000007a0000000, 0x00000007a6080000, 0x00000007b5580000)
  object space 98816K, 19% used [0x00000007a0000000,0x00000007a1273a08,0x00000007a6080000)
 Metaspace       used 34467K, capacity 35366K, committed 35496K, reserved 1079296K
  class space    used 4569K, capacity 4797K, committed 4864K, reserved 1048576K
}
Event: 68.723 GC heap before
{Heap before GC invocations=8 (full 2):
 PSYoungGen      total 70656K, used 65440K [0x00000007b5580000, 0x00000007bc700000, 0x00000007c0000000)
  eden space 65536K, 99% used [0x00000007b5580000,0x00000007b9568398,0x00000007b9580000)
  from space 5120K, 0% used [0x00000007b9580000,0x00000007b9580000,0x00000007b9a80000)
  to   space 12800K, 0% used [0x00000007bba80000,0x00000007bba80000,0x00000007bc700000)
 ParOldGen       total 98816K, used 18894K [0x00000007a0000000, 0x00000007a6080000, 0x00000007b5580000)
  object space 98816K, 19% used [0x00000007a0000000,0x00000007a1273a08,0x00000007a6080000)
 Metaspace       used 40045K, capacity 41250K, committed 41472K, reserved 1085440K
  class space    used 5108K, capacity 5359K, committed 5376K, reserved 1048576K
Event: 68.735 GC heap after
Heap after GC invocations=8 (full 2):
 PSYoungGen      total 96768K, used 10478K [0x00000007b5580000, 0x00000007bc500000, 0x00000007c0000000)
  eden space 86016K, 0% used [0x00000007b5580000,0x00000007b5580000,0x00000007ba980000)
  from space 10752K, 97% used [0x00000007bba80000,0x00000007bc4bb8b0,0x00000007bc500000)
  to   space 13312K, 0% used [0x00000007bab00000,0x00000007bab00000,0x00000007bb800000)
 ParOldGen       total 98816K, used 18902K [0x00000007a0000000, 0x00000007a6080000, 0x00000007b5580000)
  object space 98816K, 19% used [0x00000007a0000000,0x00000007a1275a08,0x00000007a6080000)
 Metaspace       used 40045K, capacity 41250K, committed 41472K, reserved 1085440K
  class space    used 5108K, capacity 5359K, committed 5376K, reserved 1048576K
}
Event: 100.111 GC heap before
{Heap before GC invocations=9 (full 2):
 PSYoungGen      total 96768K, used 96494K [0x00000007b5580000, 0x00000007bc500000, 0x00000007c0000000)
  eden space 86016K, 100% used [0x00000007b5580000,0x00000007ba980000,0x00000007ba980000)
  from space 10752K, 97% used [0x00000007bba80000,0x00000007bc4bb8b0,0x00000007bc500000)
  to   space 13312K, 0% used [0x00000007bab00000,0x00000007bab00000,0x00000007bb800000)
 ParOldGen       total 98816K, used 18902K [0x00000007a0000000, 0x00000007a6080000, 0x00000007b5580000)
  object space 98816K, 19% used [0x00000007a0000000,0x00000007a1275a08,0x00000007a6080000)
 Metaspace       used 40378K, capacity 41492K, committed 41728K, reserved 1085440K
  class space    used 5132K, capacity 5369K, committed 5376K, reserved 1048576K
Event: 100.134 GC heap after
Heap after GC invocations=9 (full 2):
 PSYoungGen      total 100864K, used 13286K [0x00000007b5580000, 0x00000007bee00000, 0x00000007c0000000)
  eden space 87552K, 0% used [0x00000007b5580000,0x00000007b5580000,0x00000007bab00000)
  from space 13312K, 99% used [0x00000007bab00000,0x00000007bb7f9b68,0x00000007bb800000)
  to   space 24064K, 0% used [0x00000007bd680000,0x00000007bd680000,0x00000007bee00000)
 ParOldGen       total 98816K, used 36373K [0x00000007a0000000, 0x00000007a6080000, 0x00000007b5580000)
  object space 98816K, 36% used [0x00000007a0000000,0x00000007a23855d0,0x00000007a6080000)
 Metaspace       used 40378K, capacity 41492K, committed 41728K, reserved 1085440K
  class space    used 5132K, capacity 5369K, committed 5376K, reserved 1048576K
}

Deoptimization events (10 events):
Event: 133.845 Thread 0x00007fb1dbcbe000 Uncommon trap: reason=bimorphic action=maybe_recompile pc=0x00000001129b2a70 method=java.awt.Component.processMouseMotionEvent(Ljava/awt/event/MouseEvent;)V @ 52
Event: 133.859 Thread 0x00007fb1dbcbe000 Uncommon trap: reason=unstable_if action=reinterpret pc=0x000000011297c308 method=java.awt.Container.dispatchEventImpl(Ljava/awt/AWTEvent;)V @ 26
Event: 149.027 Thread 0x00007fb1dbcbe000 Uncommon trap: reason=unstable_if action=reinterpret pc=0x00000001129e2924 method=java.awt.Container.dispatchEventImpl(Ljava/awt/AWTEvent;)V @ 26
Event: 166.959 Thread 0x00007fb1dbcbe000 Uncommon trap: reason=unstable_if action=reinterpret pc=0x00000001125b3d2c method=javax.swing.SwingUtilities.computeIntersection(IIIILjava/awt/Rectangle;)Ljava/awt/Rectangle; @ 151
Event: 221.053 Thread 0x00007fb1da8d1000 Uncommon trap: reason=unstable_if action=reinterpret pc=0x0000000111eb6754 method=sun.java2d.pipe.Region.clipScale(ID)I @ 3
Event: 221.053 Thread 0x00007fb1da8d1000 Uncommon trap: reason=unstable_if action=reinterpret pc=0x000000011244585c method=sun.java2d.pipe.Region.clipScale(ID)I @ 3
Event: 221.123 Thread 0x00007fb1dbcbe000 Uncommon trap: reason=class_check action=maybe_recompile pc=0x000000011211ffc4 method=sun.java2d.SunGraphics2D.validateCompClip()V @ 32
Event: 221.123 Thread 0x00007fb1dbcbe000 Uncommon trap: reason=class_check action=maybe_recompile pc=0x000000011211ffc4 method=sun.java2d.SunGraphics2D.validateCompClip()V @ 32
Event: 221.123 Thread 0x00007fb1dbcbe000 Uncommon trap: reason=class_check action=maybe_recompile pc=0x000000011211ffc4 method=sun.java2d.SunGraphics2D.validateCompClip()V @ 32
Event: 221.213 Thread 0x00007fb1dbcbe000 Uncommon trap: reason=class_check action=maybe_recompile pc=0x000000011211ffc4 method=sun.java2d.SunGraphics2D.validateCompClip()V @ 32

Classes redefined (0 events):
No events

Internal exceptions (10 events):
Event: 119.174 Thread 0x00007fb1de8c9000 Exception <a 'sun/nio/fs/UnixException'> (0x00000007b6478678) thrown at [/Users/jenkins/workspace/build-scripts/jobs/jdk8u/jdk8u-mac-x64-hotspot/workspace/build/src/hotspot/src/share/vm/prims/jni.cpp, line 710]
Event: 119.176 Thread 0x00007fb1de8c9000 Exception <a 'sun/nio/fs/UnixException'> (0x00000007b648cb78) thrown at [/Users/jenkins/workspace/build-scripts/jobs/jdk8u/jdk8u-mac-x64-hotspot/workspace/build/src/hotspot/src/share/vm/prims/jni.cpp, line 710]
Event: 119.177 Thread 0x00007fb1de8c9000 Exception <a 'sun/nio/fs/UnixException'> (0x00000007b64a2778) thrown at [/Users/jenkins/workspace/build-scripts/jobs/jdk8u/jdk8u-mac-x64-hotspot/workspace/build/src/hotspot/src/share/vm/prims/jni.cpp, line 710]
Event: 119.178 Thread 0x00007fb1de8c9000 Exception <a 'sun/nio/fs/UnixException'> (0x00000007b64b69a0) thrown at [/Users/jenkins/workspace/build-scripts/jobs/jdk8u/jdk8u-mac-x64-hotspot/workspace/build/src/hotspot/src/share/vm/prims/jni.cpp, line 710]
Event: 119.179 Thread 0x00007fb1de8c9000 Exception <a 'sun/nio/fs/UnixException'> (0x00000007b64c4608) thrown at [/Users/jenkins/workspace/build-scripts/jobs/jdk8u/jdk8u-mac-x64-hotspot/workspace/build/src/hotspot/src/share/vm/prims/jni.cpp, line 710]
Event: 119.180 Thread 0x00007fb1de8c9000 Exception <a 'sun/nio/fs/UnixException'> (0x00000007b64d1cd0) thrown at [/Users/jenkins/workspace/build-scripts/jobs/jdk8u/jdk8u-mac-x64-hotspot/workspace/build/src/hotspot/src/share/vm/prims/jni.cpp, line 710]
Event: 119.181 Thread 0x00007fb1de8c9000 Exception <a 'sun/nio/fs/UnixException'> (0x00000007b64dea18) thrown at [/Users/jenkins/workspace/build-scripts/jobs/jdk8u/jdk8u-mac-x64-hotspot/workspace/build/src/hotspot/src/share/vm/prims/jni.cpp, line 710]
Event: 119.182 Thread 0x00007fb1de8c9000 Exception <a 'sun/nio/fs/UnixException'> (0x00000007b64ec608) thrown at [/Users/jenkins/workspace/build-scripts/jobs/jdk8u/jdk8u-mac-x64-hotspot/workspace/build/src/hotspot/src/share/vm/prims/jni.cpp, line 710]
Event: 133.859 Thread 0x00007fb1dbcbe000 Implicit null exception at 0x000000011297af95 to 0x000000011297c2f5
Event: 149.027 Thread 0x00007fb1dbcbe000 Implicit null exception at 0x00000001129e0534 to 0x00000001129e2911

Events (10 events):
Event: 221.123 Thread 0x00007fb1dbcbe000 DEOPT PACKING pc=0x000000011211ffc4 sp=0x0000700009ead970
Event: 221.123 Thread 0x00007fb1dbcbe000 DEOPT UNPACKING pc=0x0000000111a6447a sp=0x0000700009ead938 mode 2
Event: 221.123 Thread 0x00007fb1dbcbe000 Uncommon trap: trap_request=0xffffffde fr.pc=0x000000011211ffc4
Event: 221.123 Thread 0x00007fb1dbcbe000 DEOPT PACKING pc=0x000000011211ffc4 sp=0x0000700009ead9e0
Event: 221.123 Thread 0x00007fb1dbcbe000 DEOPT UNPACKING pc=0x0000000111a6447a sp=0x0000700009ead9a0 mode 2
Event: 221.195 loading class javax/swing/RepaintManager$DisplayChangedRunnable
Event: 221.195 loading class javax/swing/RepaintManager$DisplayChangedRunnable done
Event: 221.213 Thread 0x00007fb1dbcbe000 Uncommon trap: trap_request=0xffffffde fr.pc=0x000000011211ffc4
Event: 221.213 Thread 0x00007fb1dbcbe000 DEOPT PACKING pc=0x000000011211ffc4 sp=0x0000700009ead640
Event: 221.213 Thread 0x00007fb1dbcbe000 DEOPT UNPACKING pc=0x0000000111a6447a sp=0x0000700009ead600 mode 2


Dynamic libraries:
0x00007fff2eef2000 	/System/Library/Frameworks/Cocoa.framework/Versions/A/Cocoa
0x00007fff643bc000 	/usr/lib/libSystem.B.dylib
0x00007fff2d071000 	/System/Library/Frameworks/AppKit.framework/Versions/C/AppKit
0x00007fff2fe69000 	/System/Library/Frameworks/CoreFoundation.framework/Versions/A/CoreFoundation
0x00007fff3252e000 	/System/Library/Frameworks/Foundation.framework/Versions/C/Foundation
0x00007fff66211000 	/usr/lib/libobjc.A.dylib
0x00007fff2f975000 	/System/Library/Frameworks/CoreData.framework/Versions/A/CoreData
0x00007fff60c64000 	/System/Library/PrivateFrameworks/UIFoundation.framework/Versions/A/UIFoundation
0x00007fff5b440000 	/System/Library/PrivateFrameworks/RemoteViewServices.framework/Versions/A/RemoteViewServices
0x00007fff636f7000 	/System/Library/PrivateFrameworks/XCTTargetBootstrap.framework/Versions/A/XCTTargetBootstrap
0x00007fff2fd58000 	/System/Library/Frameworks/CoreDisplay.framework/Versions/A/CoreDisplay
0x00007fff352a6000 	/System/Library/Frameworks/Metal.framework/Versions/A/Metal
0x00007fff49846000 	/System/Library/PrivateFrameworks/DesktopServicesPriv.framework/Versions/A/DesktopServicesPriv
0x00007fff654f2000 	/usr/lib/liblangid.dylib
0x00007fff48992000 	/System/Library/PrivateFrameworks/CoreSVG.framework/Versions/A/CoreSVG
0x00007fff5e207000 	/System/Library/PrivateFrameworks/SkyLight.framework/Versions/A/SkyLight
0x00007fff302eb000 	/System/Library/Frameworks/CoreGraphics.framework/Versions/A/CoreGraphics
0x00007fff2bc10000 	/System/Library/Frameworks/Accelerate.framework/Versions/A/Accelerate
0x00007fff667de000 	/usr/lib/libxml2.2.dylib
0x00007fff5456a000 	/System/Library/PrivateFrameworks/IconServices.framework/Versions/A/IconServices
0x00007fff32d13000 	/System/Library/Frameworks/IOSurface.framework/Versions/A/IOSurface
0x00007fff63ef4000 	/usr/lib/libDiagnosticMessagesClient.dylib
0x00007fff668ed000 	/usr/lib/libz.1.dylib
0x00007fff2de7c000 	/System/Library/Frameworks/ApplicationServices.framework/Versions/A/ApplicationServices
0x00007fff496bf000 	/System/Library/PrivateFrameworks/DFRFoundation.framework/Versions/A/DFRFoundation
0x00007fff65280000 	/usr/lib/libicucore.A.dylib
0x00007fff2e1ae000 	/System/Library/Frameworks/AudioToolbox.framework/Versions/A/AudioToolbox
0x00007fff2e290000 	/System/Library/Frameworks/AudioUnit.framework/Versions/A/AudioUnit
0x00007fff645bd000 	/usr/lib/libauto.dylib
0x00007fff49740000 	/System/Library/PrivateFrameworks/DataDetectorsCore.framework/Versions/A/DataDetectorsCore
0x00007fff2ea12000 	/System/Library/Frameworks/Carbon.framework/Versions/A/Frameworks/HIToolbox.framework/Versions/A/HIToolbox
0x00007fff3b6f1000 	/System/Library/Frameworks/QuartzCore.framework/Versions/A/QuartzCore
0x00007fff3c4c0000 	/System/Library/Frameworks/Security.framework/Versions/A/Security
0x00007fff2ed51000 	/System/Library/Frameworks/Carbon.framework/Versions/A/Frameworks/SpeechRecognition.framework/Versions/A/SpeechRecognition
0x00007fff49045000 	/System/Library/PrivateFrameworks/CoreUI.framework/Versions/A/CoreUI
0x00007fff2f3db000 	/System/Library/Frameworks/CoreAudio.framework/Versions/A/CoreAudio
0x00007fff321f6000 	/System/Library/Frameworks/DiskArbitration.framework/Versions/A/DiskArbitration
0x00007fff5657f000 	/System/Library/PrivateFrameworks/MultitouchSupport.framework/Versions/A/MultitouchSupport
0x00007fff65146000 	/usr/lib/libenergytrace.dylib
0x00007fff32c6e000 	/System/Library/Frameworks/IOKit.framework/Versions/A/IOKit
0x00007fff31259000 	/System/Library/Frameworks/CoreServices.framework/Versions/A/CoreServices
0x00007fff5868c000 	/System/Library/PrivateFrameworks/PerformanceAnalysis.framework/Versions/A/PerformanceAnalysis
0x00007fff3a727000 	/System/Library/Frameworks/OpenGL.framework/Versions/A/OpenGL
0x00007fff2ef00000 	/System/Library/Frameworks/ColorSync.framework/Versions/A/ColorSync
0x00007fff30972000 	/System/Library/Frameworks/CoreImage.framework/Versions/A/CoreImage
0x00007fff31ccf000 	/System/Library/Frameworks/CoreText.framework/Versions/A/CoreText
0x00007fff32d99000 	/System/Library/Frameworks/ImageIO.framework/Versions/A/ImageIO
0x00007fff646a2000 	/usr/lib/libc++.1.dylib
0x00007fff6471e000 	/usr/lib/libcompression.dylib
0x00007fff64236000 	/usr/lib/libMobileGestalt.dylib
0x00007fff5fd46000 	/System/Library/PrivateFrameworks/TextureIO.framework/Versions/A/TextureIO
0x00007fff64523000 	/usr/lib/libate.dylib
0x00007fff54773000 	/System/Library/PrivateFrameworks/InternationalSupport.framework/Versions/A/InternationalSupport
0x00007fff67363000 	/usr/lib/system/libcache.dylib
0x00007fff67369000 	/usr/lib/system/libcommonCrypto.dylib
0x00007fff67375000 	/usr/lib/system/libcompiler_rt.dylib
0x00007fff6737d000 	/usr/lib/system/libcopyfile.dylib
0x00007fff67387000 	/usr/lib/system/libcorecrypto.dylib
0x00007fff67535000 	/usr/lib/system/libdispatch.dylib
0x00007fff67577000 	/usr/lib/system/libdyld.dylib
0x00007fff675ad000 	/usr/lib/system/libkeymgr.dylib
0x00007fff675bb000 	/usr/lib/system/liblaunch.dylib
0x00007fff675bc000 	/usr/lib/system/libmacho.dylib
0x00007fff675c2000 	/usr/lib/system/libquarantine.dylib
0x00007fff675c5000 	/usr/lib/system/libremovefile.dylib
0x00007fff675c7000 	/usr/lib/system/libsystem_asl.dylib
0x00007fff675df000 	/usr/lib/system/libsystem_blocks.dylib
0x00007fff675e0000 	/usr/lib/system/libsystem_c.dylib
0x00007fff67668000 	/usr/lib/system/libsystem_configuration.dylib
0x00007fff6766c000 	/usr/lib/system/libsystem_coreservices.dylib
0x00007fff67670000 	/usr/lib/system/libsystem_darwin.dylib
0x00007fff67679000 	/usr/lib/system/libsystem_dnssd.dylib
0x00007fff67681000 	/usr/lib/system/libsystem_featureflags.dylib
0x00007fff67683000 	/usr/lib/system/libsystem_info.dylib
0x00007fff676fe000 	/usr/lib/system/libsystem_m.dylib
0x00007fff67746000 	/usr/lib/system/libsystem_malloc.dylib
0x00007fff6776e000 	/usr/lib/system/libsystem_networkextension.dylib
0x00007fff6777c000 	/usr/lib/system/libsystem_notify.dylib
0x00007fff6779b000 	/usr/lib/system/libsystem_sandbox.dylib
0x00007fff677a0000 	/usr/lib/system/libsystem_secinit.dylib
0x00007fff676d1000 	/usr/lib/system/libsystem_kernel.dylib
0x00007fff67786000 	/usr/lib/system/libsystem_platform.dylib
0x00007fff67790000 	/usr/lib/system/libsystem_pthread.dylib
0x00007fff677a3000 	/usr/lib/system/libsystem_symptoms.dylib
0x00007fff677ab000 	/usr/lib/system/libsystem_trace.dylib
0x00007fff677c3000 	/usr/lib/system/libunwind.dylib
0x00007fff677c9000 	/usr/lib/system/libxpc.dylib
0x00007fff646f6000 	/usr/lib/libc++abi.dylib
0x00007fff654f4000 	/usr/lib/liblzma.5.dylib
0x00007fff6516e000 	/usr/lib/libfakelink.dylib
0x00007fff644b0000 	/usr/lib/libarchive.2.dylib
0x00007fff3d662000 	/System/Library/Frameworks/SystemConfiguration.framework/Versions/A/SystemConfiguration
0x00007fff63e25000 	/usr/lib/libCRFSuite.dylib
0x00007fff2e606000 	/System/Library/Frameworks/CFNetwork.framework/Versions/A/CFNetwork
0x00007fff64684000 	/usr/lib/libbsm.0.dylib
0x00007fff675ae000 	/usr/lib/system/libkxld.dylib
0x00007fff43176000 	/System/Library/PrivateFrameworks/AppleFSCompression.framework/Versions/A/AppleFSCompression
0x00007fff64a05000 	/usr/lib/libcoretls.dylib
0x00007fff64a1c000 	/usr/lib/libcoretls_cfhelpers.dylib
0x00007fff66255000 	/usr/lib/libpam.2.dylib
0x00007fff66388000 	/usr/lib/libsqlite3.dylib
0x00007fff667cb000 	/usr/lib/libxar.1.dylib
0x00007fff64695000 	/usr/lib/libbz2.1.0.dylib
0x00007fff6518f000 	/usr/lib/libiconv.2.dylib
0x00007fff6470b000 	/usr/lib/libcharset.1.dylib
0x00007fff65cfc000 	/usr/lib/libnetwork.dylib
0x00007fff6625c000 	/usr/lib/libpcap.A.dylib
0x00007fff64465000 	/usr/lib/libapple_nghttp2.dylib
0x00007fff31610000 	/System/Library/Frameworks/CoreServices.framework/Versions/A/Frameworks/FSEvents.framework/Versions/A/FSEvents
0x00007fff312e0000 	/System/Library/Frameworks/CoreServices.framework/Versions/A/Frameworks/CarbonCore.framework/Versions/A/CarbonCore
0x00007fff31853000 	/System/Library/Frameworks/CoreServices.framework/Versions/A/Frameworks/Metadata.framework/Versions/A/Metadata
0x00007fff318ec000 	/System/Library/Frameworks/CoreServices.framework/Versions/A/Frameworks/OSServices.framework/Versions/A/OSServices
0x00007fff3191a000 	/System/Library/Frameworks/CoreServices.framework/Versions/A/Frameworks/SearchKit.framework/Versions/A/SearchKit
0x00007fff3125a000 	/System/Library/Frameworks/CoreServices.framework/Versions/A/Frameworks/AE.framework/Versions/A/AE
0x00007fff31619000 	/System/Library/Frameworks/CoreServices.framework/Versions/A/Frameworks/LaunchServices.framework/Versions/A/LaunchServices
0x00007fff315c2000 	/System/Library/Frameworks/CoreServices.framework/Versions/A/Frameworks/DictionaryServices.framework/Versions/A/DictionaryServices
0x00007fff31982000 	/System/Library/Frameworks/CoreServices.framework/Versions/A/Frameworks/SharedFileList.framework/Versions/A/SharedFileList
0x00007fff3657b000 	/System/Library/Frameworks/NetFS.framework/Versions/A/NetFS
0x00007fff56aaf000 	/System/Library/PrivateFrameworks/NetAuth.framework/Versions/A/NetAuth
0x00007fff63ac2000 	/System/Library/PrivateFrameworks/login.framework/Versions/A/Frameworks/loginsupport.framework/Versions/A/loginsupport
0x00007fff5f841000 	/System/Library/PrivateFrameworks/TCC.framework/Versions/A/TCC
0x00007fff47d61000 	/System/Library/PrivateFrameworks/CoreNLP.framework/Versions/A/CoreNLP
0x00007fff55faf000 	/System/Library/PrivateFrameworks/MetadataUtilities.framework/Versions/A/MetadataUtilities
0x00007fff655cc000 	/usr/lib/libmecabra.dylib
0x00007fff65524000 	/usr/lib/libmecab.dylib
0x00007fff6517f000 	/usr/lib/libgermantok.dylib
0x00007fff6444c000 	/usr/lib/libThaiTokenizer.dylib
0x00007fff63e5d000 	/usr/lib/libChineseTokenizer.dylib
0x00007fff2bc28000 	/System/Library/Frameworks/Accelerate.framework/Versions/A/Frameworks/vImage.framework/Versions/A/vImage
0x00007fff2cecb000 	/System/Library/Frameworks/Accelerate.framework/Versions/A/Frameworks/vecLib.framework/Versions/A/vecLib
0x00007fff2ce0f000 	/System/Library/Frameworks/Accelerate.framework/Versions/A/Frameworks/vecLib.framework/Versions/A/libvMisc.dylib
0x00007fff2cc35000 	/System/Library/Frameworks/Accelerate.framework/Versions/A/Frameworks/vecLib.framework/Versions/A/libvDSP.dylib
0x00007fff2c294000 	/System/Library/Frameworks/Accelerate.framework/Versions/A/Frameworks/vecLib.framework/Versions/A/libBLAS.dylib
0x00007fff2c7ef000 	/System/Library/Frameworks/Accelerate.framework/Versions/A/Frameworks/vecLib.framework/Versions/A/libLAPACK.dylib
0x00007fff2cb95000 	/System/Library/Frameworks/Accelerate.framework/Versions/A/Frameworks/vecLib.framework/Versions/A/libLinearAlgebra.dylib
0x00007fff2cc22000 	/System/Library/Frameworks/Accelerate.framework/Versions/A/Frameworks/vecLib.framework/Versions/A/libSparseBLAS.dylib
0x00007fff2cbab000 	/System/Library/Frameworks/Accelerate.framework/Versions/A/Frameworks/vecLib.framework/Versions/A/libQuadrature.dylib
0x00007fff2c4fe000 	/System/Library/Frameworks/Accelerate.framework/Versions/A/Frameworks/vecLib.framework/Versions/A/libBNNS.dylib
0x00007fff2cbb1000 	/System/Library/Frameworks/Accelerate.framework/Versions/A/Frameworks/vecLib.framework/Versions/A/libSparse.dylib
0x00007fff54b32000 	/System/Library/PrivateFrameworks/LanguageModeling.framework/Versions/A/LanguageModeling
0x00007fff476fd000 	/System/Library/PrivateFrameworks/CoreEmoji.framework/Versions/A/CoreEmoji
0x00007fff54c50000 	/System/Library/PrivateFrameworks/LinguisticData.framework/Versions/A/LinguisticData
0x00007fff54c01000 	/System/Library/PrivateFrameworks/Lexicon.framework/Versions/A/Lexicon
0x00007fff6470c000 	/usr/lib/libcmph.dylib
0x00007fff3914d000 	/System/Library/Frameworks/OpenDirectory.framework/Versions/A/Frameworks/CFOpenDirectory.framework/Versions/A/CFOpenDirectory
0x00007fff3916a000 	/System/Library/Frameworks/OpenDirectory.framework/Versions/A/OpenDirectory
0x00007fff41437000 	/System/Library/PrivateFrameworks/APFS.framework/Versions/A/APFS
0x00007fff3c813000 	/System/Library/Frameworks/SecurityFoundation.framework/Versions/A/SecurityFoundation
0x00007fff667c7000 	/usr/lib/libutil.dylib
0x00007fff489ea000 	/System/Library/PrivateFrameworks/CoreServicesStore.framework/Versions/A/CoreServicesStore
0x00007fff3c8cb000 	/System/Library/Frameworks/ServiceManagement.framework/Versions/A/ServiceManagement
0x00007fff4492d000 	/System/Library/PrivateFrameworks/BackgroundTaskManagement.framework/Versions/A/BackgroundTaskManagement
0x00007fff668c4000 	/usr/lib/libxslt.1.dylib
0x00007fff437db000 	/System/Library/PrivateFrameworks/AppleSystemInfo.framework/Versions/A/AppleSystemInfo
0x00007fff32fb6000 	/System/Library/Frameworks/ImageIO.framework/Versions/A/Resources/libJPEG.dylib
0x00007fff33275000 	/System/Library/Frameworks/ImageIO.framework/Versions/A/Resources/libTIFF.dylib
0x00007fff33258000 	/System/Library/Frameworks/ImageIO.framework/Versions/A/Resources/libPng.dylib
0x00007fff32ef7000 	/System/Library/Frameworks/ImageIO.framework/Versions/A/Resources/libGIF.dylib
0x00007fff32efb000 	/System/Library/Frameworks/ImageIO.framework/Versions/A/Resources/libJP2.dylib
0x00007fff33273000 	/System/Library/Frameworks/ImageIO.framework/Versions/A/Resources/libRadiance.dylib
0x00007fff65147000 	/usr/lib/libexpat.1.dylib
0x00007fff432d1000 	/System/Library/PrivateFrameworks/AppleJPEG.framework/Versions/A/AppleJPEG
0x00007fff4bc64000 	/System/Library/PrivateFrameworks/FontServices.framework/libFontParser.dylib
0x00007fff62b19000 	/System/Library/PrivateFrameworks/WatchdogClient.framework/Versions/A/WatchdogClient
0x00007fff541bf000 	/System/Library/PrivateFrameworks/IOAccelerator.framework/Versions/A/IOAccelerator
0x00007fff35634000 	/System/Library/Frameworks/MetalPerformanceShaders.framework/Versions/A/MetalPerformanceShaders
0x00007fff509b2000 	/System/Library/PrivateFrameworks/GPUWrangler.framework/Versions/A/GPUWrangler
0x00007fff541ca000 	/System/Library/PrivateFrameworks/IOPresentment.framework/Versions/A/IOPresentment
0x00007fff496d2000 	/System/Library/PrivateFrameworks/DSExternalDisplay.framework/Versions/A/DSExternalDisplay
0x00007fff39ad3000 	/System/Library/Frameworks/OpenGL.framework/Versions/A/Libraries/libCoreFSCache.dylib
0x00007fff35386000 	/System/Library/Frameworks/MetalPerformanceShaders.framework/Frameworks/MPSCore.framework/Versions/A/MPSCore
0x00007fff353c3000 	/System/Library/Frameworks/MetalPerformanceShaders.framework/Frameworks/MPSImage.framework/Versions/A/MPSImage
0x00007fff35485000 	/System/Library/Frameworks/MetalPerformanceShaders.framework/Frameworks/MPSNeuralNetwork.framework/Versions/A/MPSNeuralNetwork
0x00007fff3544a000 	/System/Library/Frameworks/MetalPerformanceShaders.framework/Frameworks/MPSMatrix.framework/Versions/A/MPSMatrix
0x00007fff355e5000 	/System/Library/Frameworks/MetalPerformanceShaders.framework/Frameworks/MPSRayIntersector.framework/Versions/A/MPSRayIntersector
0x00007fff3546f000 	/System/Library/Frameworks/MetalPerformanceShaders.framework/Frameworks/MPSNDArray.framework/Versions/A/MPSNDArray
0x00007fff55ffc000 	/System/Library/PrivateFrameworks/MetalTools.framework/Versions/A/MetalTools
0x00007fff425fc000 	/System/Library/PrivateFrameworks/AggregateDictionary.framework/Versions/A/AggregateDictionary
0x00007fff47187000 	/System/Library/PrivateFrameworks/CoreAnalytics.framework/Versions/A/CoreAnalytics
0x00007fff436f9000 	/System/Library/PrivateFrameworks/AppleSauce.framework/Versions/A/AppleSauce
0x00007fff64119000 	/usr/lib/libIOReport.dylib
0x00007fff31e84000 	/System/Library/Frameworks/CoreVideo.framework/Versions/A/CoreVideo
0x00007fff51e20000 	/System/Library/PrivateFrameworks/GraphVisualizer.framework/Versions/A/GraphVisualizer
0x00007fff4b1e5000 	/System/Library/PrivateFrameworks/FaceCore.framework/Versions/A/FaceCore
0x00007fff390f4000 	/System/Library/Frameworks/OpenCL.framework/Versions/A/OpenCL
0x00007fff63f3b000 	/usr/lib/libFosl_dynamic.dylib
0x00007fff574aa000 	/System/Library/PrivateFrameworks/OTSVG.framework/Versions/A/OTSVG
0x00007fff2df81000 	/System/Library/Frameworks/ApplicationServices.framework/Versions/A/Frameworks/ATS.framework/Versions/A/Resources/libFontRegistry.dylib
0x00007fff4be35000 	/System/Library/PrivateFrameworks/FontServices.framework/libhvf.dylib
0x00007fff39ade000 	/System/Library/Frameworks/OpenGL.framework/Versions/A/Libraries/libGFXShared.dylib
0x00007fff39cbb000 	/System/Library/Frameworks/OpenGL.framework/Versions/A/Libraries/libGLU.dylib
0x00007fff39ae7000 	/System/Library/Frameworks/OpenGL.framework/Versions/A/Libraries/libGL.dylib
0x00007fff39af2000 	/System/Library/Frameworks/OpenGL.framework/Versions/A/Libraries/libGLImage.dylib
0x00007fff39ad0000 	/System/Library/Frameworks/OpenGL.framework/Versions/A/Libraries/libCVMSPluginSupport.dylib
0x00007fff39ad9000 	/System/Library/Frameworks/OpenGL.framework/Versions/A/Libraries/libCoreVMClient.dylib
0x00007fff65b9e000 	/usr/lib/libncurses.5.4.dylib
0x00007fff2de7d000 	/System/Library/Frameworks/ApplicationServices.framework/Versions/A/Frameworks/ATS.framework/Versions/A/ATS
0x00007fff2e04a000 	/System/Library/Frameworks/ApplicationServices.framework/Versions/A/Frameworks/ColorSyncLegacy.framework/Versions/A/ColorSyncLegacy
0x00007fff2e0e9000 	/System/Library/Frameworks/ApplicationServices.framework/Versions/A/Frameworks/HIServices.framework/Versions/A/HIServices
0x00007fff2e140000 	/System/Library/Frameworks/ApplicationServices.framework/Versions/A/Frameworks/LangAnalysis.framework/Versions/A/LangAnalysis
0x00007fff2e14f000 	/System/Library/Frameworks/ApplicationServices.framework/Versions/A/Frameworks/PrintCore.framework/Versions/A/PrintCore
0x00007fff2e195000 	/System/Library/Frameworks/ApplicationServices.framework/Versions/A/Frameworks/QD.framework/Versions/A/QD
0x00007fff2e1a0000 	/System/Library/Frameworks/ApplicationServices.framework/Versions/A/Frameworks/SpeechSynthesis.framework/Versions/A/SpeechSynthesis
0x00007fff2e01a000 	/System/Library/Frameworks/ApplicationServices.framework/Versions/A/Frameworks/ATSUI.framework/Versions/A/ATSUI
0x00007fff64fdb000 	/usr/lib/libcups.2.dylib
0x00007fff346e3000 	/System/Library/Frameworks/Kerberos.framework/Versions/A/Kerberos
0x00007fff32963000 	/System/Library/Frameworks/GSS.framework/Versions/A/GSS
0x00007fff66314000 	/usr/lib/libresolv.9.dylib
0x00007fff51fc1000 	/System/Library/PrivateFrameworks/Heimdal.framework/Versions/A/Heimdal
0x00007fff346f6000 	/System/Library/Frameworks/Kerberos.framework/Versions/A/Libraries/libHeimdalProxy.dylib
0x00007fff65185000 	/usr/lib/libheimdal-asn1.dylib
0x00007fff4662d000 	/System/Library/PrivateFrameworks/CommonAuth.framework/Versions/A/CommonAuth
0x00007fff43878000 	/System/Library/PrivateFrameworks/AssertionServices.framework/Versions/A/AssertionServices
0x00007fff4441b000 	/System/Library/PrivateFrameworks/AudioToolboxCore.framework/Versions/A/AudioToolboxCore
0x00007fff63773000 	/System/Library/PrivateFrameworks/caulk.framework/Versions/A/caulk
0x00007fff449d9000 	/System/Library/PrivateFrameworks/BaseBoard.framework/Versions/A/BaseBoard
0x00007fff5b5cf000 	/System/Library/PrivateFrameworks/RunningBoardServices.framework/Versions/A/RunningBoardServices
0x00007fff58698000 	/System/Library/PrivateFrameworks/PersistentConnection.framework/Versions/A/PersistentConnection
0x00007fff5b01e000 	/System/Library/PrivateFrameworks/ProtocolBuffer.framework/Versions/A/ProtocolBuffer
0x00007fff46652000 	/System/Library/PrivateFrameworks/CommonUtilities.framework/Versions/A/CommonUtilities
0x00007fff44b5c000 	/System/Library/PrivateFrameworks/Bom.framework/Versions/A/Bom
0x00007fff63de8000 	/usr/lib/libAudioToolboxUtility.dylib
0x00007fff44937000 	/System/Library/PrivateFrameworks/Backup.framework/Versions/A/Backup
0x00007fff49442000 	/System/Library/PrivateFrameworks/CrashReporterSupport.framework/Versions/A/CrashReporterSupport
0x00007fff5d0cb000 	/System/Library/PrivateFrameworks/Sharing.framework/Versions/A/Sharing
0x00007fff4301c000 	/System/Library/PrivateFrameworks/Apple80211.framework/Versions/A/Apple80211
0x00007fff44659000 	/System/Library/PrivateFrameworks/AuthKit.framework/Versions/A/AuthKit
0x00007fff49172000 	/System/Library/PrivateFrameworks/CoreUtils.framework/Versions/A/CoreUtils
0x00007fff31ec9000 	/System/Library/Frameworks/CoreWLAN.framework/Versions/A/CoreWLAN
0x00007fff32aef000 	/System/Library/Frameworks/IOBluetooth.framework/Versions/A/IOBluetooth
0x00007fff562fa000 	/System/Library/PrivateFrameworks/MobileKeyBag.framework/Versions/A/MobileKeyBag
0x00007fff4823d000 	/System/Library/PrivateFrameworks/CorePhoneNumbers.framework/Versions/A/CorePhoneNumbers
0x00007fff43284000 	/System/Library/PrivateFrameworks/AppleIDAuthSupport.framework/Versions/A/AppleIDAuthSupport
0x00007fff36588000 	/System/Library/Frameworks/Network.framework/Versions/A/Network
0x00007fff549ba000 	/System/Library/PrivateFrameworks/KeychainCircle.framework/Versions/A/KeychainCircle
0x00007fff2f93d000 	/System/Library/Frameworks/CoreBluetooth.framework/Versions/A/CoreBluetooth
0x00007fff5ed47000 	/System/Library/PrivateFrameworks/SpeechRecognitionCore.framework/Versions/A/SpeechRecognitionCore
0x000000010be49000 	/Users/andryromaniv/Desktop/ArduinoYura/Arduino/build/macosx/work/Arduino.app/Contents/PlugIns/adoptopenjdk-8.jdk/Contents/Home/jre/lib/jli/libjli.dylib
0x00007fff489b6000 	/System/Library/PrivateFrameworks/CoreServicesInternal.framework/Versions/A/CoreServicesInternal
0x000000010e330000 	/Users/andryromaniv/Desktop/ArduinoYura/Arduino/build/macosx/work/Arduino.app/Contents/PlugIns/adoptopenjdk-8.jdk/Contents/Home/jre/lib/server/libjvm.dylib
0x00007fff66699000 	/usr/lib/libstdc++.6.dylib
0x000000010bf4f000 	/Users/andryromaniv/Desktop/ArduinoYura/Arduino/build/macosx/work/Arduino.app/Contents/PlugIns/adoptopenjdk-8.jdk/Contents/Home/jre/lib/libverify.dylib
0x000000010bf60000 	/Users/andryromaniv/Desktop/ArduinoYura/Arduino/build/macosx/work/Arduino.app/Contents/PlugIns/adoptopenjdk-8.jdk/Contents/Home/jre/lib/libjava.dylib
0x000000010bfa4000 	/Users/andryromaniv/Desktop/ArduinoYura/Arduino/build/macosx/work/Arduino.app/Contents/PlugIns/adoptopenjdk-8.jdk/Contents/Home/jre/lib/libzip.dylib
0x00000001211b9000 	/Users/andryromaniv/Desktop/ArduinoYura/Arduino/build/macosx/work/Arduino.app/Contents/PlugIns/adoptopenjdk-8.jdk/Contents/Home/jre/lib/libnio.dylib
0x00000001211cd000 	/Users/andryromaniv/Desktop/ArduinoYura/Arduino/build/macosx/work/Arduino.app/Contents/PlugIns/adoptopenjdk-8.jdk/Contents/Home/jre/lib/libnet.dylib
0x0000000121256000 	/Users/andryromaniv/Desktop/ArduinoYura/Arduino/build/macosx/work/Arduino.app/Contents/PlugIns/adoptopenjdk-8.jdk/Contents/Home/jre/lib/libsplashscreen.dylib
0x00000001212b3000 	/Users/andryromaniv/Desktop/ArduinoYura/Arduino/build/macosx/work/Arduino.app/Contents/PlugIns/adoptopenjdk-8.jdk/Contents/Home/jre/lib/libosxapp.dylib
0x00007fff346cc000 	/System/Library/Frameworks/JavaVM.framework/Versions/A/Frameworks/JavaNativeFoundation.framework/Versions/A/JavaNativeFoundation
0x00007fff2ea0d000 	/System/Library/Frameworks/Carbon.framework/Versions/A/Carbon
0x00007fff323d1000 	/System/Library/Frameworks/ExceptionHandling.framework/Versions/A/ExceptionHandling
0x00007fff346d5000 	/System/Library/Frameworks/JavaVM.framework/Versions/A/Frameworks/JavaRuntimeSupport.framework/Versions/A/JavaRuntimeSupport
0x00007fff2ea0e000 	/System/Library/Frameworks/Carbon.framework/Versions/A/Frameworks/CommonPanels.framework/Versions/A/CommonPanels
0x00007fff2ed07000 	/System/Library/Frameworks/Carbon.framework/Versions/A/Frameworks/Help.framework/Versions/A/Help
0x00007fff2ed0b000 	/System/Library/Frameworks/Carbon.framework/Versions/A/Frameworks/ImageCapture.framework/Versions/A/ImageCapture
0x00007fff2ed12000 	/System/Library/Frameworks/Carbon.framework/Versions/A/Frameworks/OpenScripting.framework/Versions/A/OpenScripting
0x00007fff2ed11000 	/System/Library/Frameworks/Carbon.framework/Versions/A/Frameworks/Ink.framework/Versions/A/Ink
0x00007fff2ed4d000 	/System/Library/Frameworks/Carbon.framework/Versions/A/Frameworks/Print.framework/Versions/A/Print
0x00007fff2ed4e000 	/System/Library/Frameworks/Carbon.framework/Versions/A/Frameworks/SecurityHI.framework/Versions/A/SecurityHI
0x00007fff346de000 	/System/Library/Frameworks/JavaVM.framework/Versions/A/JavaVM
0x00007fff5481d000 	/System/Library/PrivateFrameworks/JavaLaunching.framework/Versions/A/JavaLaunching
0x00007fff48f26000 	/System/Library/PrivateFrameworks/CoreSymbolication.framework/Versions/A/CoreSymbolication
0x00007fff49807000 	/System/Library/PrivateFrameworks/DebugSymbols.framework/Versions/A/DebugSymbols
0x00007fff323f0000 	/System/Library/Frameworks/FileProvider.framework/Versions/A/FileProvider
0x00007fff2cecc000 	/System/Library/Frameworks/Accounts.framework/Versions/A/Accounts
0x00007fff50cd6000 	/System/Library/PrivateFrameworks/GenerationalStorage.framework/Versions/A/GenerationalStorage
0x00007fff5f582000 	/System/Library/PrivateFrameworks/SymptomDiagnosticReporter.framework/Versions/A/SymptomDiagnosticReporter
0x00007fff42b0d000 	/System/Library/PrivateFrameworks/AppContainer.framework/Versions/A/AppContainer
0x00007fff6632e000 	/usr/lib/libsandbox.1.dylib
0x00007fff61ab2000 	/System/Library/PrivateFrameworks/UserManagement.framework/Versions/A/UserManagement
0x00007fff4571e000 	/System/Library/PrivateFrameworks/ChunkingLibrary.framework/Versions/A/ChunkingLibrary
0x00007fff42b7f000 	/System/Library/PrivateFrameworks/AppSandbox.framework/Versions/A/AppSandbox
0x00007fff5cf55000 	/System/Library/PrivateFrameworks/SecCodeWrapper.framework/Versions/A/SecCodeWrapper
0x00007fff641ff000 	/usr/lib/libMatch.1.dylib
0x00007fff2bc11000 	/System/Library/Frameworks/Accelerate.framework/Versions/A/Frameworks/vImage.framework/Versions/A/Libraries/libCGInterfaces.dylib
0x00000001227ae000 	/Users/andryromaniv/Desktop/ArduinoYura/Arduino/build/macosx/work/Arduino.app/Contents/PlugIns/adoptopenjdk-8.jdk/Contents/Home/jre/lib/libawt.dylib
0x000000012285e000 	/Users/andryromaniv/Desktop/ArduinoYura/Arduino/build/macosx/work/Arduino.app/Contents/PlugIns/adoptopenjdk-8.jdk/Contents/Home/jre/lib/libmlib_image.dylib
0x0000000122b43000 	/Users/andryromaniv/Desktop/ArduinoYura/Arduino/build/macosx/work/Arduino.app/Contents/PlugIns/adoptopenjdk-8.jdk/Contents/Home/jre/lib/libawt_lwawt.dylib
0x00007fff4bd9c000 	/System/Library/PrivateFrameworks/FontServices.framework/libTrueTypeScaler.dylib
0x00007fff26fc2000 	/System/Library/Extensions/AppleIntelBDWGraphicsMTLDriver.bundle/Contents/MacOS/AppleIntelBDWGraphicsMTLDriver
0x00007fff4f30a000 	/System/Library/PrivateFrameworks/GPUCompiler.framework/Versions/3902/Libraries/libmetal_timestamp.dylib
0x00007fff62888000 	/System/Library/PrivateFrameworks/ViewBridge.framework/Versions/A/ViewBridge
0x0000000123a67000 	/usr/lib/libobjc-trampolines.dylib
0x00007fff63ac5000 	/System/Library/PrivateFrameworks/login.framework/Versions/A/login
0x0000000123bfc000 	/Users/andryromaniv/Desktop/ArduinoYura/Arduino/build/macosx/work/Arduino.app/Contents/Java/lib/liblistSerialsj.dylib
0x0000000123c16000 	/Users/andryromaniv/Desktop/ArduinoYura/Arduino/build/macosx/work/Arduino.app/Contents/PlugIns/adoptopenjdk-8.jdk/Contents/Home/jre/lib/libfontmanager.dylib
0x0000000123c86000 	/Users/andryromaniv/Desktop/ArduinoYura/Arduino/build/macosx/work/Arduino.app/Contents/PlugIns/adoptopenjdk-8.jdk/Contents/Home/jre/lib/libfreetype.6.dylib
0x0000000123d69000 	/Users/andryromaniv/Desktop/ArduinoYura/Arduino/build/macosx/work/Arduino.app/Contents/PlugIns/adoptopenjdk-8.jdk/Contents/Home/jre/lib/libosx.dylib
0x00007fff3a737000 	/System/Library/Frameworks/OpenGL.framework/Versions/A/Resources/GLEngine.bundle/GLEngine
0x00007fff39b28000 	/System/Library/Frameworks/OpenGL.framework/Versions/A/Libraries/libGLProgrammability.dylib
0x00007fff26abd000 	/System/Library/Extensions/AppleIntelBDWGraphicsGLDriver.bundle/Contents/MacOS/AppleIntelBDWGraphicsGLDriver
0x00007fff509a6000 	/System/Library/PrivateFrameworks/GPUSupport.framework/Versions/A/Libraries/libGPUSupportMercury.dylib
0x00007fff3a8b1000 	/System/Library/Frameworks/OpenGL.framework/Versions/A/Resources/GLRendererFloat.bundle/GLRendererFloat
0x00007fff390eb000 	/System/Library/Frameworks/OpenCL.framework/Versions/A/Libraries/libcldcpuengine.dylib
0x00007fff64bc0000 	/usr/lib/libcrypto.35.dylib
0x00007fff5ff8a000 	/System/Library/PrivateFrameworks/TrustEvaluationAgent.framework/Versions/A/TrustEvaluationAgent
0x0000000121350000 	/Users/andryromaniv/Desktop/ArduinoYura/Arduino/build/macosx/work/Arduino.app/Contents/PlugIns/adoptopenjdk-8.jdk/Contents/Home/jre/lib/libmanagement.dylib
0x000000012136e000 	/Users/andryromaniv/Desktop/ArduinoYura/Arduino/build/macosx/work/Arduino.app/Contents/PlugIns/adoptopenjdk-8.jdk/Contents/Home/jre/lib/libosxui.dylib
0x00000001217c8000 	/Users/andryromaniv/Desktop/ArduinoYura/Arduino/build/macosx/work/Arduino.app/Contents/Java/lib/libastylej.dylib
0x0000000169334000 	/Users/andryromaniv/Desktop/ArduinoYura/Arduino/build/macosx/work/Arduino.app/Contents/PlugIns/adoptopenjdk-8.jdk/Contents/Home/jre/lib/libsunec.dylib
0x0000000123bca000 	/private/var/folders/_b/8hq2yxfn10b4r8vhlkjvtnd00000gn/T/libJTouchBar.dylib6238881891375944750
0x00007fff244e9000 	/System/Library/CoreServices/RawCamera.bundle/Contents/MacOS/RawCamera
0x00007fff56124000 	/System/Library/PrivateFrameworks/MobileAsset.framework/Versions/A/MobileAsset
0x00007fff5f430000 	/System/Library/PrivateFrameworks/StreamingZip.framework/Versions/A/StreamingZip
0x00007fff34b5f000 	/System/Library/Frameworks/MediaToolbox.framework/Versions/A/MediaToolbox
0x00007fff47136000 	/System/Library/PrivateFrameworks/CoreAVCHD.framework/Versions/A/CoreAVCHD
0x00007fff34a89000 	/System/Library/Frameworks/MediaAccessibility.framework/Versions/A/MediaAccessibility
0x00007fff554ef000 	/System/Library/PrivateFrameworks/Mangrove.framework/Versions/A/Mangrove
0x00007fff31093000 	/System/Library/Frameworks/CoreMedia.framework/Versions/A/CoreMedia
0x00007fff5575b000 	/System/Library/PrivateFrameworks/MediaExperience.framework/Versions/A/MediaExperience
0x00007fff3d948000 	/System/Library/Frameworks/VideoToolbox.framework/Versions/A/VideoToolbox
0x00007fff46d60000 	/System/Library/PrivateFrameworks/CoreAUC.framework/Versions/A/CoreAUC
0x00007fff66386000 	/usr/lib/libspindump.dylib
0x00007fff43dc6000 	/System/Library/PrivateFrameworks/AudioResourceArbitration.framework/Versions/A/AudioResourceArbitration
0x00007fff437df000 	/System/Library/PrivateFrameworks/AppleVA.framework/Versions/A/AppleVA
0x00007fff5d1f1000 	/System/Library/PrivateFrameworks/Shortcut.framework/Versions/A/Shortcut
0x00007fff52a6e000 	/System/Library/PrivateFrameworks/HelpData.framework/Versions/A/HelpData

VM Arguments:
jvm_args: -Djava.library.path=/Users/andryromaniv/Desktop/ArduinoYura/Arduino/build/macosx/work/Arduino.app/Contents/MacOS -DLibraryDirectory=/Users/andryromaniv/Library -DDocumentsDirectory=/Users/andryromaniv/Documents -DApplicationSupportDirectory=/Users/andryromaniv/Library/Application Support -DCachesDirectory=/Users/andryromaniv/Library/Caches -DSandboxEnabled=true -Dapple.awt.application.name=Arduino -Dcom.apple.macos.use-file-dialog-packages=true -Dcom.apple.smallTabs=true -DAPP_DIR=/Users/andryromaniv/Desktop/ArduinoYura/Arduino/build/macosx/work/Arduino.app/Contents/Java -Djava.ext.dirs=/Users/andryromaniv/Desktop/ArduinoYura/Arduino/build/macosx/work/Arduino.app/Contents/PlugIns/adoptopenjdk-8.jdk/Contents/Home/lib/ext/:/Users/andryromaniv/Desktop/ArduinoYura/Arduino/build/macosx/work/Arduino.app/Contents/PlugIns/adoptopenjdk-8.jdk/Contents/Home/jre/lib/ext/ -Djava.net.preferIPv4Stack=true -Dcom.apple.mrj.application.apple.menu.about.name=Arduino -Dfile.encoding=UTF-8 -Xms128M -Xmx512M 
java_command: processing.app.Base
java_class_path (initial): /Users/andryromaniv/Desktop/ArduinoYura/Arduino/build/macosx/work/Arduino.app/Contents/Java/Classes:/Users/andryromaniv/Desktop/ArduinoYura/Arduino/build/macosx/work/Arduino.app/Contents/Java/log4j-core-2.12.0.jar:/Users/andryromaniv/Desktop/ArduinoYura/Arduino/build/macosx/work/Arduino.app/Contents/Java/rsyntaxtextarea-3.0.3-SNAPSHOT.jar:/Users/andryromaniv/Desktop/ArduinoYura/Arduino/build/macosx/work/Arduino.app/Contents/Java/batik-ext-1.8.jar:/Users/andryromaniv/Desktop/ArduinoYura/Arduino/build/macosx/work/Arduino.app/Contents/Java/slf4j-api-1.7.22.jar:/Users/andryromaniv/Desktop/ArduinoYura/Arduino/build/macosx/work/Arduino.app/Contents/Java/arduino-core.jar:/Users/andryromaniv/Desktop/ArduinoYura/Arduino/build/macosx/work/Arduino.app/Contents/Java/batik-xml-1.8.jar:/Users/andryromaniv/Desktop/ArduinoYura/Arduino/build/macosx/work/Arduino.app/Contents/Java/slf4j-simple-1.7.22.jar:/Users/andryromaniv/Desktop/ArduinoYura/Arduino/build/macosx/work/Arduino.app/Contents/Java/batik-dom-1.8.jar:/Users/andryromaniv/Desktop/ArduinoYura/Arduino/build/macosx/work/Arduino.app/Contents/Java/commons-compress-1.8.jar:/Users/andryromaniv/Desktop/ArduinoYura/Arduino/build/macosx/work/Arduino.app/Contents/Java/commons-httpclient-3.1.jar:/Users/andryromaniv/Desktop/ArduinoYura/Arduino/build/macosx/work/Arduino.app/Contents/Java/bcprov-jdk15on-152.jar:/Users/andryromaniv/Desktop/ArduinoYura/Arduino/build/macosx/work/Arduino.app/Contents/Java/commons-logging-1.0.4.jar:/Users/andryromaniv/Desktop/ArduinoYura/Arduino/build/macosx/work/Arduino.app/Contents/Java/log4j-api-2.12.0.jar:/Users/andryromaniv/Desktop/ArduinoYura/Arduino/build/macosx/work/Arduino.app/Contents/Java/batik-script-1.8.jar:/Users/andryromaniv/Desktop/ArduinoYura/Arduino/build/macosx/work/Arduino.app/Contents/Java/jackson-annotations-2.9.5.jar:/Users/andryromaniv/Desktop/ArduinoYura/Arduino/build/macosx/work/Arduino.app/Contents/Java/batik-parser-1.8.jar:/Users/andryromaniv/Desktop/Ardu
Launcher Type: SUN_STANDARD

Environment Variables:
JAVA_HOME=/Library/Java/JavaVirtualMachines/adoptopenjdk-8.jdk/Contents/Home
PATH=/Applications/CMake.app/Contents/bin:/usr/local/bin:/usr/bin:/bin:/usr/sbin:/sbin
SHELL=/bin/bash

Signal Handlers:
SIGSEGV: [libjvm.dylib+0x588183], sa_mask[0]=11111111011111110111111111111111, sa_flags=SA_ONSTACK|SA_RESTART|SA_SIGINFO
SIGBUS: [libjvm.dylib+0x588183], sa_mask[0]=11111111011111110111111111111111, sa_flags=SA_RESTART|SA_SIGINFO
SIGFPE: [libjvm.dylib+0x46288c], sa_mask[0]=11111111011111110111111111111111, sa_flags=SA_RESTART|SA_SIGINFO
SIGPIPE: [libjvm.dylib+0x46288c], sa_mask[0]=11111111011111110111111111111111, sa_flags=SA_RESTART|SA_SIGINFO
SIGXFSZ: [libjvm.dylib+0x46288c], sa_mask[0]=11111111011111110111111111111111, sa_flags=SA_RESTART|SA_SIGINFO
SIGILL: [libjvm.dylib+0x46288c], sa_mask[0]=11111111011111110111111111111111, sa_flags=SA_RESTART|SA_SIGINFO
SIGUSR1: SIG_DFL, sa_mask[0]=11011111011111100000000111000110, sa_flags=none
SIGUSR2: [libjvm.dylib+0x4623aa], sa_mask[0]=00100000000000000000000000000000, sa_flags=SA_RESTART|SA_SIGINFO
SIGHUP: [libjvm.dylib+0x460935], sa_mask[0]=11111111011111110111111111111111, sa_flags=SA_RESTART|SA_SIGINFO
SIGINT: [libjvm.dylib+0x460935], sa_mask[0]=11111111011111110111111111111111, sa_flags=SA_RESTART|SA_SIGINFO
SIGTERM: [libjvm.dylib+0x460935], sa_mask[0]=11111111011111110111111111111111, sa_flags=SA_RESTART|SA_SIGINFO
SIGQUIT: [libjvm.dylib+0x460935], sa_mask[0]=11111111011111110111111111111111, sa_flags=SA_RESTART|SA_SIGINFO


---------------  S Y S T E M  ---------------

OS:Bsduname:Darwin 19.3.0 Darwin Kernel Version 19.3.0: Thu Jan  9 20:58:23 PST 2020; root:xnu-6153.81.5~1/RELEASE_X86_64 x86_64
rlimit: STACK 8192k, CORE 0k, NPROC 1392, NOFILE 10240, AS infinity
load average:2.09 2.43 3.43

CPU:total 4 (initial active 4) (2 cores per cpu, 2 threads per core) family 6 model 61 stepping 4, cmov, cx8, fxsr, mmx, sse, sse2, sse3, ssse3, sse4.1, sse4.2, popcnt, avx, avx2, aes, clmul, erms, 3dnowpref, lzcnt, ht, tsc, tscinvbit, bmi1, bmi2, adx

Memory: 4k page, physical 8388608k(50672k free)

/proc/meminfo:


vm_info: OpenJDK 64-Bit Server VM (25.242-b08) for bsd-amd64 JRE (1.8.0_242-b08), built on Jan 19 2020 06:43:11 by "jenkins" with gcc 4.2.1 (Based on Apple Inc. build 5658) (LLVM build 2336.11.00)

time: Thu Mar 26 22:05:31 2020
timezone: PDT
elapsed time: 221 seconds (0d 0h 3m 41s)

